c:\perforce\gamercamps\pro2019\mod2\projects\work\team2\liveproject\proj.win32\release.win32\vc141.pdb
c:\perforce\gamercamps\pro2019\mod2\projects\work\team2\liveproject\proj.win32\release.win32\gcenemyr1.obj
c:\perforce\gamercamps\pro2019\mod2\projects\work\team2\liveproject\proj.win32\release.win32\caudiomanager.obj
c:\perforce\gamercamps\pro2019\mod2\projects\work\team2\liveproject\proj.win32\release.win32\gclevelmanager.obj
c:\perforce\gamercamps\pro2019\mod2\projects\work\team2\liveproject\proj.win32\release.win32\gcobjdoorleft.obj
c:\perforce\gamercamps\pro2019\mod2\projects\work\team2\liveproject\proj.win32\release.win32\gchackable.obj
c:\perforce\gamercamps\pro2019\mod2\projects\work\team2\liveproject\proj.win32\release.win32\gclevel3.obj
c:\perforce\gamercamps\pro2019\mod2\projects\work\team2\liveproject\proj.win32\release.win32\gcaudiosetting.obj
c:\perforce\gamercamps\pro2019\mod2\projects\work\team2\liveproject\proj.win32\release.win32\cexitnode.obj
c:\perforce\gamercamps\pro2019\mod2\projects\work\team2\liveproject\proj.win32\release.win32\gcobjperspectiveplatform.obj
c:\perforce\gamercamps\pro2019\mod2\projects\work\team2\liveproject\proj.win32\release.win32\gcobjterminal.obj
c:\perforce\gamercamps\pro2019\mod2\projects\work\team2\liveproject\proj.win32\release.win32\gcobjsprite.obj
c:\perforce\gamercamps\pro2019\mod2\projects\work\team2\liveproject\proj.win32\release.win32\ceventlistener.obj
c:\perforce\gamercamps\pro2019\mod2\projects\work\team2\liveproject\proj.win32\release.win32\gcobjbarrier.obj
c:\perforce\gamercamps\pro2019\mod2\projects\work\team2\liveproject\proj.win32\release.win32\cqtehack.obj
c:\perforce\gamercamps\pro2019\mod2\projects\work\team2\liveproject\proj.win32\release.win32\gclevel1.obj
c:\perforce\gamercamps\pro2019\mod2\projects\work\team2\liveproject\proj.win32\release.win32\clevelbase.obj
c:\perforce\gamercamps\pro2019\mod2\projects\work\team2\liveproject\proj.win32\release.win32\cturnnode.obj
c:\perforce\gamercamps\pro2019\mod2\projects\work\team2\liveproject\proj.win32\release.win32\gcobjplatform.obj
c:\perforce\gamercamps\pro2019\mod2\projects\work\team2\liveproject\proj.win32\release.win32\uianimatedbar.obj
c:\perforce\gamercamps\pro2019\mod2\projects\work\team2\liveproject\proj.win32\release.win32\gcobjtilelayer.obj
c:\perforce\gamercamps\pro2019\mod2\projects\work\team2\liveproject\proj.win32\release.win32\gles-render.obj
c:\perforce\gamercamps\pro2019\mod2\projects\work\team2\liveproject\proj.win32\release.win32\cenvrock.obj
c:\perforce\gamercamps\pro2019\mod2\projects\work\team2\liveproject\proj.win32\release.win32\gcobjgroupitem.obj
c:\perforce\gamercamps\pro2019\mod2\projects\work\team2\liveproject\proj.win32\release.win32\gccreditscene.obj
c:\perforce\gamercamps\pro2019\mod2\projects\work\team2\liveproject\proj.win32\release.win32\gcmainmenu.obj
c:\perforce\gamercamps\pro2019\mod2\projects\work\team2\liveproject\proj.win32\release.win32\gcobjgroupplatform.obj
c:\perforce\gamercamps\pro2019\mod2\projects\work\team2\liveproject\proj.win32\release.win32\gcshadowtutorial.obj
c:\perforce\gamercamps\pro2019\mod2\projects\work\team2\liveproject\proj.win32\release.win32\gclevelloader_ogmo.obj
c:\perforce\gamercamps\pro2019\mod2\projects\work\team2\liveproject\proj.win32\release.win32\datamanager.obj
c:\perforce\gamercamps\pro2019\mod2\projects\work\team2\liveproject\proj.win32\release.win32\gcobjdoorright.obj
c:\perforce\gamercamps\pro2019\mod2\projects\work\team2\liveproject\proj.win32\release.win32\cammopickup.obj
c:\perforce\gamercamps\pro2019\mod2\projects\work\team2\liveproject\proj.win32\release.win32\gclevel4.obj
c:\perforce\gamercamps\pro2019\mod2\projects\work\team2\liveproject\proj.win32\release.win32\gcgamelogosplash.obj
c:\perforce\gamercamps\pro2019\mod2\projects\work\team2\liveproject\proj.win32\release.win32\cobjcrumblingplatform.obj
c:\perforce\gamercamps\pro2019\mod2\projects\work\team2\liveproject\proj.win32\release.win32\gcobjplayer.obj
c:\perforce\gamercamps\pro2019\mod2\projects\work\team2\liveproject\proj.win32\release.win32\gccallfuncstatic.obj
c:\perforce\gamercamps\pro2019\mod2\projects\work\team2\liveproject\proj.win32\release.win32\gcobjspritephysics.obj
c:\perforce\gamercamps\pro2019\mod2\projects\work\team2\liveproject\proj.win32\release.win32\appdelegate.obj
c:\perforce\gamercamps\pro2019\mod2\projects\work\team2\liveproject\proj.win32\release.win32\gcenemyr2.obj
c:\perforce\gamercamps\pro2019\mod2\projects\work\team2\liveproject\proj.win32\release.win32\gcobjitem.obj
c:\perforce\gamercamps\pro2019\mod2\projects\work\team2\liveproject\proj.win32\release.win32\gcoutroscene3.obj
c:\perforce\gamercamps\pro2019\mod2\projects\work\team2\liveproject\proj.win32\release.win32\gcpausemenu.obj
c:\perforce\gamercamps\pro2019\mod2\projects\work\team2\liveproject\proj.win32\release.win32\gcobjfloor.obj
c:\perforce\gamercamps\pro2019\mod2\projects\work\team2\liveproject\proj.win32\release.win32\gcobjprojectile.obj
c:\perforce\gamercamps\pro2019\mod2\projects\work\team2\liveproject\proj.win32\release.win32\gccollisionmanager.obj
c:\perforce\gamercamps\pro2019\mod2\projects\work\team2\liveproject\proj.win32\release.win32\gcfactory_objspritephysics.obj
c:\perforce\gamercamps\pro2019\mod2\projects\work\team2\liveproject\proj.win32\release.win32\igcgamelayer.obj
c:\perforce\gamercamps\pro2019\mod2\projects\work\team2\liveproject\proj.win32\release.win32\gccontroller.obj
c:\perforce\gamercamps\pro2019\mod2\projects\work\team2\liveproject\proj.win32\release.win32\gcenemyr3.obj
c:\perforce\gamercamps\pro2019\mod2\projects\work\team2\liveproject\proj.win32\release.win32\gccutscene.obj
c:\perforce\gamercamps\pro2019\mod2\projects\work\team2\liveproject\proj.win32\release.win32\gccontrolsmenu.obj
c:\perforce\gamercamps\pro2019\mod2\projects\work\team2\liveproject\proj.win32\release.win32\cjumpnode.obj
c:\perforce\gamercamps\pro2019\mod2\projects\work\team2\liveproject\proj.win32\release.win32\gcobjwall.obj
c:\perforce\gamercamps\pro2019\mod2\projects\work\team2\liveproject\proj.win32\release.win32\uianimatedtext.obj
c:\perforce\gamercamps\pro2019\mod2\projects\work\team2\liveproject\proj.win32\release.win32\gcobjectgroup.obj
c:\perforce\gamercamps\pro2019\mod2\projects\work\team2\liveproject\proj.win32\release.win32\cinputkeyboard.obj
c:\perforce\gamercamps\pro2019\mod2\projects\work\team2\liveproject\proj.win32\release.win32\gccontrollermanager.obj
c:\perforce\gamercamps\pro2019\mod2\projects\work\team2\liveproject\proj.win32\release.win32\gcenemyb1.obj
c:\perforce\gamercamps\pro2019\mod2\projects\work\team2\liveproject\proj.win32\release.win32\cweaponpickup.obj
c:\perforce\gamercamps\pro2019\mod2\projects\work\team2\liveproject\proj.win32\release.win32\gccutsceneact2.obj
c:\perforce\gamercamps\pro2019\mod2\projects\work\team2\liveproject\proj.win32\release.win32\gcmaincutscene.obj
c:\perforce\gamercamps\pro2019\mod2\projects\work\team2\liveproject\proj.win32\release.win32\cobjmovingplatform.obj
c:\perforce\gamercamps\pro2019\mod2\projects\work\team2\liveproject\proj.win32\release.win32\gcobjgroupprojectile.obj
c:\perforce\gamercamps\pro2019\mod2\projects\work\team2\liveproject\proj.win32\release.win32\gccocoshelpers.obj
c:\perforce\gamercamps\pro2019\mod2\projects\work\team2\liveproject\proj.win32\release.win32\gcobjectmanager.obj
c:\perforce\gamercamps\pro2019\mod2\projects\work\team2\liveproject\proj.win32\release.win32\gckeyboardmanager.obj
c:\perforce\gamercamps\pro2019\mod2\projects\work\team2\liveproject\proj.win32\release.win32\main.obj
c:\perforce\gamercamps\pro2019\mod2\projects\work\team2\liveproject\proj.win32\release.win32\ceventmanager.obj
c:\perforce\gamercamps\pro2019\mod2\projects\work\team2\liveproject\proj.win32\release.win32\gcobjdoor.obj
c:\perforce\gamercamps\pro2019\mod2\projects\work\team2\liveproject\proj.win32\release.win32\gcbuttonhack.obj
c:\perforce\gamercamps\pro2019\mod2\projects\work\team2\liveproject\proj.win32\release.win32\gclevel2.obj
c:\perforce\gamercamps\pro2019\mod2\projects\work\team2\liveproject\proj.win32\release.win32\gcgameover.obj
c:\perforce\gamercamps\pro2019\mod2\projects\work\team2\liveproject\proj.win32\release.win32\gcsettingsmenu.obj
c:\perforce\gamercamps\pro2019\mod2\projects\work\team2\liveproject\proj.win32\release.win32\cobjshadow.obj
c:\perforce\gamercamps\pro2019\mod2\projects\work\team2\liveproject\proj.win32\release.win32\gb2shapecache-x.obj
c:\perforce\gamercamps\pro2019\mod2\projects\work\team2\liveproject\proj.win32\release.win32\gcobject.obj
c:\perforce\gamercamps\pro2019\mod2\projects\work\team2\liveproject\proj.win32\release.win32\gcobjgroupdefault.obj
c:\perforce\gamercamps\pro2019\mod2\projects\work\team2\liveproject\proj.win32\release.win32\menuscene.obj
c:\perforce\gamercamps\pro2019\mod2\projects\work\team2\liveproject\proj.win32\gcframework.cab
c:\perforce\gamercamps\pro2019\mod2\projects\work\team2\liveproject\proj.win32\release.win32\gcframework.lib
c:\perforce\gamercamps\pro2019\mod2\projects\work\team2\liveproject\proj.win32\release.win32\gcframework.exp
c:\perforce\gamercamps\pro2019\mod2\projects\work\team2\liveproject\proj.win32\release.win32\gcframework.ipdb
c:\perforce\gamercamps\pro2019\mod2\projects\work\team2\liveproject\proj.win32\release.win32\gcframework.iobj
c:\perforce\gamercamps\pro2019\mod2\projects\work\team2\liveproject\proj.win32\release.win32\gcframework.exe
c:\perforce\gamercamps\pro2019\mod2\projects\work\team2\liveproject\proj.win32\release.win32\gcframework.pdb
c:\perforce\gamercamps\pro2019\mod2\projects\work\team2\liveproject\proj.win32\release.win32\game.res
c:\perforce\gamercamps\pro2019\mod2\projects\work\team2\liveproject\proj.win32\release.win32\libcocos2d.exp
c:\perforce\gamercamps\pro2019\mod2\projects\work\team2\liveproject\proj.win32\release.win32\libcocos2d.pdb
c:\perforce\gamercamps\pro2019\mod2\projects\work\team2\liveproject\proj.win32\release.win32\gcframework.tlog\cl.command.1.tlog
c:\perforce\gamercamps\pro2019\mod2\projects\work\team2\liveproject\proj.win32\release.win32\gcframework.tlog\cl.read.1.tlog
c:\perforce\gamercamps\pro2019\mod2\projects\work\team2\liveproject\proj.win32\release.win32\gcframework.tlog\cl.write.1.tlog
c:\perforce\gamercamps\pro2019\mod2\projects\work\team2\liveproject\proj.win32\release.win32\gcframework.tlog\custombuildstep.read.1u.tlog
c:\perforce\gamercamps\pro2019\mod2\projects\work\team2\liveproject\proj.win32\release.win32\gcframework.tlog\custombuildstep.write.1u.tlog
c:\perforce\gamercamps\pro2019\mod2\projects\work\team2\liveproject\proj.win32\release.win32\gcframework.tlog\gcframework.write.1u.tlog
c:\perforce\gamercamps\pro2019\mod2\projects\work\team2\liveproject\proj.win32\release.win32\gcframework.tlog\link.command.1.tlog
c:\perforce\gamercamps\pro2019\mod2\projects\work\team2\liveproject\proj.win32\release.win32\gcframework.tlog\link.read.1.tlog
c:\perforce\gamercamps\pro2019\mod2\projects\work\team2\liveproject\proj.win32\release.win32\gcframework.tlog\link.write.1.tlog
c:\perforce\gamercamps\pro2019\mod2\projects\work\team2\liveproject\proj.win32\release.win32\gcframework.tlog\rc.command.1.tlog
c:\perforce\gamercamps\pro2019\mod2\projects\work\team2\liveproject\proj.win32\release.win32\gcframework.tlog\rc.read.1.tlog
c:\perforce\gamercamps\pro2019\mod2\projects\work\team2\liveproject\proj.win32\release.win32\gcframework.tlog\rc.write.1.tlog
